<?xml version="1.0" encoding="UTF-8"?>
<testng-results skipped="0" failed="0" total="1" passed="1">
  <reporter-output>
  </reporter-output>
  <suite name="Suite" duration-ms="42360" started-at="2017-05-06T11:48:35Z" finished-at="2017-05-06T11:49:17Z">
    <groups>
    </groups>
    <test name="Test" duration-ms="42360" started-at="2017-05-06T11:48:35Z" finished-at="2017-05-06T11:49:17Z">
      <class name="com.niki.tests.app.AppTests">
        <test-method status="PASS" signature="beforeSuite()[pri:0, instance:com.niki.tests.app.AppTests@56ac3a89]" name="beforeSuite" is-config="true" duration-ms="15" started-at="2017-05-06T17:18:35Z" finished-at="2017-05-06T17:18:35Z">
          <reporter-output>
          </reporter-output>
        </test-method> <!-- beforeSuite -->
        <test-method status="PASS" signature="beforeClass()[pri:0, instance:com.niki.tests.app.AppTests@56ac3a89]" name="beforeClass" is-config="true" duration-ms="15247" started-at="2017-05-06T17:18:35Z" finished-at="2017-05-06T17:18:50Z">
          <reporter-output>
          </reporter-output>
        </test-method> <!-- beforeClass -->
        <test-method status="PASS" signature="validateHelpSection()[pri:0, instance:com.niki.tests.app.AppTests@56ac3a89]" name="validateHelpSection" duration-ms="26816" started-at="2017-05-06T17:18:50Z" finished-at="2017-05-06T17:19:17Z">
          <reporter-output>
          </reporter-output>
        </test-method> <!-- validateHelpSection -->
        <test-method status="PASS" signature="afterClass()[pri:0, instance:com.niki.tests.app.AppTests@56ac3a89]" name="afterClass" is-config="true" duration-ms="281" started-at="2017-05-06T17:19:17Z" finished-at="2017-05-06T17:19:17Z">
          <reporter-output>
          </reporter-output>
        </test-method> <!-- afterClass -->
        <test-method status="PASS" signature="afterSuite()[pri:0, instance:com.niki.tests.app.AppTests@56ac3a89]" name="afterSuite" is-config="true" duration-ms="0" started-at="2017-05-06T17:19:17Z" finished-at="2017-05-06T17:19:17Z">
          <reporter-output>
          </reporter-output>
        </test-method> <!-- afterSuite -->
      </class> <!-- com.niki.tests.app.AppTests -->
    </test> <!-- Test -->
  </suite> <!-- Suite -->
</testng-results>
